# JRE version: OpenJDK Runtime Environment (8.0_242-b01) (build 1.8.0_242-release-1644-b01)
# Java VM: OpenJDK 64-Bit Server VM (25.242-b01 mixed mode windows-amd64 compressed oops)
Heap:
 PSYoungGen      total 187904K, used 44735K [0x00000000e0000000, 0x00000000ee480000, 0x0000000100000000)
  eden space 178688K, 19% used [0x00000000e0000000,0x00000000e22b5f80,0x00000000eae80000)
  from space 9216K, 99% used [0x00000000ebd80000,0x00000000ec679ce0,0x00000000ec680000)
  to   space 15360K, 0% used [0x00000000eae80000,0x00000000eae80000,0x00000000ebd80000)
 ParOldGen       total 143872K, used 22399K [0x00000000a0000000, 0x00000000a8c80000, 0x00000000e0000000)
  object space 143872K, 15% used [0x00000000a0000000,0x00000000a15dfe90,0x00000000a8c80000)
 Metaspace       used 47701K, capacity 49292K, committed 49328K, reserved 1091584K
  class space    used 6182K, capacity 6561K, committed 6576K, reserved 1048576K
GC Heap History (10 events):
Event: 5.067 GC heap before
{Heap before GC invocations=8 (full 1):
 PSYoungGen      total 118784K, used 23588K [0x00000000e0000000, 0x00000000e8180000, 0x0000000100000000)
  eden space 105984K, 13% used [0x00000000e0000000,0x00000000e0e48f70,0x00000000e6780000)
  from space 12800K, 70% used [0x00000000e7380000,0x00000000e7c401c8,0x00000000e8000000)
  to   space 12288K, 0% used [0x00000000e6780000,0x00000000e6780000,0x00000000e7380000)
 ParOldGen       total 98304K, used 8137K [0x00000000a0000000, 0x00000000a6000000, 0x00000000e0000000)
  object space 98304K, 8% used [0x00000000a0000000,0x00000000a07f2730,0x00000000a6000000)
 Metaspace       used 34577K, capacity 35410K, committed 35496K, reserved 1079296K
  class space    used 4594K, capacity 4877K, committed 4912K, reserved 1048576K
Event: 5.075 GC heap after
Heap after GC invocations=8 (full 1):
 PSYoungGen      total 118272K, used 7574K [0x00000000e0000000, 0x00000000ec980000, 0x0000000100000000)
  eden space 105984K, 0% used [0x00000000e0000000,0x00000000e0000000,0x00000000e6780000)
  from space 12288K, 61% used [0x00000000e6780000,0x00000000e6ee5a38,0x00000000e7380000)
  to   space 12288K, 0% used [0x00000000ebd80000,0x00000000ebd80000,0x00000000ec980000)
 ParOldGen       total 98304K, used 8145K [0x00000000a0000000, 0x00000000a6000000, 0x00000000e0000000)
  object space 98304K, 8% used [0x00000000a0000000,0x00000000a07f4730,0x00000000a6000000)
 Metaspace       used 34577K, capacity 35410K, committed 35496K, reserved 1079296K
  class space    used 4594K, capacity 4877K, committed 4912K, reserved 1048576K
}
Event: 5.075 GC heap before
{Heap before GC invocations=9 (full 2):
 PSYoungGen      total 118272K, used 7574K [0x00000000e0000000, 0x00000000ec980000, 0x0000000100000000)
  eden space 105984K, 0% used [0x00000000e0000000,0x00000000e0000000,0x00000000e6780000)
  from space 12288K, 61% used [0x00000000e6780000,0x00000000e6ee5a38,0x00000000e7380000)
  to   space 12288K, 0% used [0x00000000ebd80000,0x00000000ebd80000,0x00000000ec980000)
 ParOldGen       total 98304K, used 8145K [0x00000000a0000000, 0x00000000a6000000, 0x00000000e0000000)
  object space 98304K, 8% used [0x00000000a0000000,0x00000000a07f4730,0x00000000a6000000)
 Metaspace       used 34577K, capacity 35410K, committed 35496K, reserved 1079296K
  class space    used 4594K, capacity 4877K, committed 4912K, reserved 1048576K
Event: 5.116 GC heap after
Heap after GC invocations=9 (full 2):
 PSYoungGen      total 118272K, used 0K [0x00000000e0000000, 0x00000000ec980000, 0x0000000100000000)
  eden space 105984K, 0% used [0x00000000e0000000,0x00000000e0000000,0x00000000e6780000)
  from space 12288K, 0% used [0x00000000e6780000,0x00000000e6780000,0x00000000e7380000)
  to   space 12288K, 0% used [0x00000000ebd80000,0x00000000ebd80000,0x00000000ec980000)
 ParOldGen       total 143872K, used 15009K [0x00000000a0000000, 0x00000000a8c80000, 0x00000000e0000000)
  object space 143872K, 10% used [0x00000000a0000000,0x00000000a0ea8570,0x00000000a8c80000)
 Metaspace       used 34565K, capacity 35394K, committed 35496K, reserved 1079296K
  class space    used 4590K, capacity 4873K, committed 4912K, reserved 1048576K
}
Event: 5.943 GC heap before
{Heap before GC invocations=10 (full 2):
 PSYoungGen      total 118272K, used 105984K [0x00000000e0000000, 0x00000000ec980000, 0x0000000100000000)
  eden space 105984K, 100% used [0x00000000e0000000,0x00000000e6780000,0x00000000e6780000)
  from space 12288K, 0% used [0x00000000e6780000,0x00000000e6780000,0x00000000e7380000)
  to   space 12288K, 0% used [0x00000000ebd80000,0x00000000ebd80000,0x00000000ec980000)
 ParOldGen       total 143872K, used 15009K [0x00000000a0000000, 0x00000000a8c80000, 0x00000000e0000000)
  object space 143872K, 10% used [0x00000000a0000000,0x00000000a0ea8570,0x00000000a8c80000)
 Metaspace       used 39067K, capacity 40386K, committed 40752K, reserved 1085440K
  class space    used 5263K, capacity 5564K, committed 5680K, reserved 1048576K
Event: 5.950 GC heap after
Heap after GC invocations=10 (full 2):
 PSYoungGen      total 171008K, used 9174K [0x00000000e0000000, 0x00000000ec680000, 0x0000000100000000)
  eden space 161792K, 0% used [0x00000000e0000000,0x00000000e0000000,0x00000000e9e00000)
  from space 9216K, 99% used [0x00000000ebd80000,0x00000000ec675818,0x00000000ec680000)
  to   space 11776K, 0% used [0x00000000eaf80000,0x00000000eaf80000,0x00000000ebb00000)
 ParOldGen       total 143872K, used 15017K [0x00000000a0000000, 0x00000000a8c80000, 0x00000000e0000000)
  object space 143872K, 10% used [0x00000000a0000000,0x00000000a0eaa570,0x00000000a8c80000)
 Metaspace       used 39067K, capacity 40386K, committed 40752K, reserved 1085440K
  class space    used 5263K, capacity 5564K, committed 5680K, reserved 1048576K
}
Event: 18.327 GC heap before
{Heap before GC invocations=11 (full 2):
 PSYoungGen      total 171008K, used 170966K [0x00000000e0000000, 0x00000000ec680000, 0x0000000100000000)
  eden space 161792K, 100% used [0x00000000e0000000,0x00000000e9e00000,0x00000000e9e00000)
  from space 9216K, 99% used [0x00000000ebd80000,0x00000000ec675818,0x00000000ec680000)
  to   space 11776K, 0% used [0x00000000eaf80000,0x00000000eaf80000,0x00000000ebb00000)
 ParOldGen       total 143872K, used 15017K [0x00000000a0000000, 0x00000000a8c80000, 0x00000000e0000000)
  object space 143872K, 10% used [0x00000000a0000000,0x00000000a0eaa570,0x00000000a8c80000)
 Metaspace       used 47690K, capacity 49292K, committed 49328K, reserved 1091584K
  class space    used 6181K, capacity 6561K, committed 6576K, reserved 1048576K
Event: 18.337 GC heap after
Heap after GC invocations=11 (full 2):
 PSYoungGen      total 173568K, used 11766K [0x00000000e0000000, 0x00000000ec680000, 0x0000000100000000)
  eden space 161792K, 0% used [0x00000000e0000000,0x00000000e0000000,0x00000000e9e00000)
  from space 11776K, 99% used [0x00000000eaf80000,0x00000000ebafdab0,0x00000000ebb00000)
  to   space 9216K, 0% used [0x00000000ebd80000,0x00000000ebd80000,0x00000000ec680000)
 ParOldGen       total 143872K, used 19879K [0x00000000a0000000, 0x00000000a8c80000, 0x00000000e0000000)
  object space 143872K, 13% used [0x00000000a0000000,0x00000000a1369e40,0x00000000a8c80000)
 Metaspace       used 47690K, capacity 49292K, committed 49328K, reserved 1091584K
  class space    used 6181K, capacity 6561K, committed 6576K, reserved 1048576K
}
Event: 19.351 GC heap before
{Heap before GC invocations=12 (full 2):
 PSYoungGen      total 173568K, used 173558K [0x00000000e0000000, 0x00000000ec680000, 0x0000000100000000)
  eden space 161792K, 100% used [0x00000000e0000000,0x00000000e9e00000,0x00000000e9e00000)
  from space 11776K, 99% used [0x00000000eaf80000,0x00000000ebafdab0,0x00000000ebb00000)
  to   space 9216K, 0% used [0x00000000ebd80000,0x00000000ebd80000,0x00000000ec680000)
 ParOldGen       total 143872K, used 19879K [0x00000000a0000000, 0x00000000a8c80000, 0x00000000e0000000)
  object space 143872K, 13% used [0x00000000a0000000,0x00000000a1369e40,0x00000000a8c80000)
 Metaspace       used 47701K, capacity 49292K, committed 49328K, reserved 1091584K
  class space    used 6182K, capacity 6561K, committed 6576K, reserved 1048576K
Event: 19.359 GC heap after
Heap after GC invocations=12 (full 2):
 PSYoungGen      total 187904K, used 9191K [0x00000000e0000000, 0x00000000ee480000, 0x0000000100000000)
  eden space 178688K, 0% used [0x00000000e0000000,0x00000000e0000000,0x00000000eae80000)
  from space 9216K, 99% used [0x00000000ebd80000,0x00000000ec679ce0,0x00000000ec680000)
  to   space 15360K, 0% used [0x00000000eae80000,0x00000000eae80000,0x00000000ebd80000)
 ParOldGen       total 143872K, used 22399K [0x00000000a0000000, 0x00000000a8c80000, 0x00000000e0000000)
  object space 143872K, 15% used [0x00000000a0000000,0x00000000a15dfe90,0x00000000a8c80000)
 Metaspace       used 47701K, capacity 49292K, committed 49328K, reserved 1091584K
  class space    used 6182K, capacity 6561K, committed 6576K, reserved 1048576K
}

