# JRE version: OpenJDK Runtime Environment (8.0_242-b01) (build 1.8.0_242-release-1644-b01)
# Java VM: OpenJDK 64-Bit Server VM (25.242-b01 mixed mode windows-amd64 compressed oops)
Heap:
 PSYoungGen      total 186880K, used 86262K [0x00000000e0000000, 0x00000000ed500000, 0x0000000100000000)
  eden space 174592K, 49% used [0x00000000e0000000,0x00000000e543db58,0x00000000eaa80000)
  from space 12288K, 0% used [0x00000000eaa80000,0x00000000eaa80000,0x00000000eb680000)
  to   space 12800K, 0% used [0x00000000ec880000,0x00000000ec880000,0x00000000ed500000)
 ParOldGen       total 95232K, used 36847K [0x00000000a0000000, 0x00000000a5d00000, 0x00000000e0000000)
  object space 95232K, 38% used [0x00000000a0000000,0x00000000a23fbf68,0x00000000a5d00000)
 Metaspace       used 61223K, capacity 63512K, committed 63640K, reserved 1103872K
  class space    used 8284K, capacity 8781K, committed 8864K, reserved 1048576K
GC Heap History (10 events):
Event: 5.117 GC heap before
{Heap before GC invocations=10 (full 2):
 PSYoungGen      total 119808K, used 107520K [0x00000000e0000000, 0x00000000ec780000, 0x0000000100000000)
  eden space 107520K, 100% used [0x00000000e0000000,0x00000000e6900000,0x00000000e6900000)
  from space 12288K, 0% used [0x00000000e6900000,0x00000000e6900000,0x00000000e7500000)
  to   space 12288K, 0% used [0x00000000ebb80000,0x00000000ebb80000,0x00000000ec780000)
 ParOldGen       total 95232K, used 17505K [0x00000000a0000000, 0x00000000a5d00000, 0x00000000e0000000)
  object space 95232K, 18% used [0x00000000a0000000,0x00000000a11184b8,0x00000000a5d00000)
 Metaspace       used 37321K, capacity 38796K, committed 39080K, reserved 1083392K
  class space    used 5141K, capacity 5487K, committed 5552K, reserved 1048576K
Event: 5.125 GC heap after
Heap after GC invocations=10 (full 2):
 PSYoungGen      total 162816K, used 7125K [0x00000000e0000000, 0x00000000ec280000, 0x0000000100000000)
  eden space 155648K, 0% used [0x00000000e0000000,0x00000000e0000000,0x00000000e9800000)
  from space 7168K, 99% used [0x00000000ebb80000,0x00000000ec2757d8,0x00000000ec280000)
  to   space 12288K, 0% used [0x00000000eaa80000,0x00000000eaa80000,0x00000000eb680000)
 ParOldGen       total 95232K, used 17513K [0x00000000a0000000, 0x00000000a5d00000, 0x00000000e0000000)
  object space 95232K, 18% used [0x00000000a0000000,0x00000000a111a4b8,0x00000000a5d00000)
 Metaspace       used 37321K, capacity 38796K, committed 39080K, reserved 1083392K
  class space    used 5141K, capacity 5487K, committed 5552K, reserved 1048576K
}
Event: 6.166 GC heap before
{Heap before GC invocations=11 (full 2):
 PSYoungGen      total 162816K, used 162773K [0x00000000e0000000, 0x00000000ec280000, 0x0000000100000000)
  eden space 155648K, 100% used [0x00000000e0000000,0x00000000e9800000,0x00000000e9800000)
  from space 7168K, 99% used [0x00000000ebb80000,0x00000000ec2757d8,0x00000000ec280000)
  to   space 12288K, 0% used [0x00000000eaa80000,0x00000000eaa80000,0x00000000eb680000)
 ParOldGen       total 95232K, used 17513K [0x00000000a0000000, 0x00000000a5d00000, 0x00000000e0000000)
  object space 95232K, 18% used [0x00000000a0000000,0x00000000a111a4b8,0x00000000a5d00000)
 Metaspace       used 37341K, capacity 38924K, committed 39080K, reserved 1083392K
  class space    used 5142K, capacity 5487K, committed 5552K, reserved 1048576K
Event: 6.169 GC heap after
Heap after GC invocations=11 (full 2):
 PSYoungGen      total 186880K, used 4000K [0x00000000e0000000, 0x00000000ed500000, 0x0000000100000000)
  eden space 174592K, 0% used [0x00000000e0000000,0x00000000e0000000,0x00000000eaa80000)
  from space 12288K, 32% used [0x00000000eaa80000,0x00000000eae68030,0x00000000eb680000)
  to   space 12800K, 0% used [0x00000000ec880000,0x00000000ec880000,0x00000000ed500000)
 ParOldGen       total 95232K, used 17521K [0x00000000a0000000, 0x00000000a5d00000, 0x00000000e0000000)
  object space 95232K, 18% used [0x00000000a0000000,0x00000000a111c4b8,0x00000000a5d00000)
 Metaspace       used 37341K, capacity 38924K, committed 39080K, reserved 1083392K
  class space    used 5142K, capacity 5487K, committed 5552K, reserved 1048576K
}
Event: 7.869 GC heap before
{Heap before GC invocations=12 (full 2):
 PSYoungGen      total 186880K, used 178592K [0x00000000e0000000, 0x00000000ed500000, 0x0000000100000000)
  eden space 174592K, 100% used [0x00000000e0000000,0x00000000eaa80000,0x00000000eaa80000)
  from space 12288K, 32% used [0x00000000eaa80000,0x00000000eae68030,0x00000000eb680000)
  to   space 12800K, 0% used [0x00000000ec880000,0x00000000ec880000,0x00000000ed500000)
 ParOldGen       total 95232K, used 17521K [0x00000000a0000000, 0x00000000a5d00000, 0x00000000e0000000)
  object space 95232K, 18% used [0x00000000a0000000,0x00000000a111c4b8,0x00000000a5d00000)
 Metaspace       used 47995K, capacity 49860K, committed 50216K, reserved 1093632K
  class space    used 6410K, capacity 6836K, committed 6960K, reserved 1048576K
Event: 7.902 GC heap after
Heap after GC invocations=12 (full 2):
 PSYoungGen      total 187392K, used 12795K [0x00000000e0000000, 0x00000000ed500000, 0x0000000100000000)
  eden space 174592K, 0% used [0x00000000e0000000,0x00000000e0000000,0x00000000eaa80000)
  from space 12800K, 99% used [0x00000000ec880000,0x00000000ed4fed90,0x00000000ed500000)
  to   space 12288K, 0% used [0x00000000eaa80000,0x00000000eaa80000,0x00000000eb680000)
 ParOldGen       total 95232K, used 22865K [0x00000000a0000000, 0x00000000a5d00000, 0x00000000e0000000)
  object space 95232K, 24% used [0x00000000a0000000,0x00000000a1654760,0x00000000a5d00000)
 Metaspace       used 47995K, capacity 49860K, committed 50216K, reserved 1093632K
  class space    used 6410K, capacity 6836K, committed 6960K, reserved 1048576K
}
Event: 9.016 GC heap before
{Heap before GC invocations=13 (full 2):
 PSYoungGen      total 187392K, used 115013K [0x00000000e0000000, 0x00000000ed500000, 0x0000000100000000)
  eden space 174592K, 58% used [0x00000000e0000000,0x00000000e63d27a8,0x00000000eaa80000)
  from space 12800K, 99% used [0x00000000ec880000,0x00000000ed4fed90,0x00000000ed500000)
  to   space 12288K, 0% used [0x00000000eaa80000,0x00000000eaa80000,0x00000000eb680000)
 ParOldGen       total 95232K, used 22865K [0x00000000a0000000, 0x00000000a5d00000, 0x00000000e0000000)
  object space 95232K, 24% used [0x00000000a0000000,0x00000000a1654760,0x00000000a5d00000)
 Metaspace       used 56807K, capacity 59054K, committed 59160K, reserved 1099776K
  class space    used 7636K, capacity 8153K, committed 8224K, reserved 1048576K
Event: 9.033 GC heap after
Heap after GC invocations=13 (full 2):
 PSYoungGen      total 186880K, used 12270K [0x00000000e0000000, 0x00000000ed500000, 0x0000000100000000)
  eden space 174592K, 0% used [0x00000000e0000000,0x00000000e0000000,0x00000000eaa80000)
  from space 12288K, 99% used [0x00000000eaa80000,0x00000000eb67ba68,0x00000000eb680000)
  to   space 12800K, 0% used [0x00000000ec880000,0x00000000ec880000,0x00000000ed500000)
 ParOldGen       total 95232K, used 32426K [0x00000000a0000000, 0x00000000a5d00000, 0x00000000e0000000)
  object space 95232K, 34% used [0x00000000a0000000,0x00000000a1faaa50,0x00000000a5d00000)
 Metaspace       used 56807K, capacity 59054K, committed 59160K, reserved 1099776K
  class space    used 7636K, capacity 8153K, committed 8224K, reserved 1048576K
}
Event: 9.033 GC heap before
{Heap before GC invocations=14 (full 3):
 PSYoungGen      total 186880K, used 12270K [0x00000000e0000000, 0x00000000ed500000, 0x0000000100000000)
  eden space 174592K, 0% used [0x00000000e0000000,0x00000000e0000000,0x00000000eaa80000)
  from space 12288K, 99% used [0x00000000eaa80000,0x00000000eb67ba68,0x00000000eb680000)
  to   space 12800K, 0% used [0x00000000ec880000,0x00000000ec880000,0x00000000ed500000)
 ParOldGen       total 95232K, used 32426K [0x00000000a0000000, 0x00000000a5d00000, 0x00000000e0000000)
  object space 95232K, 34% used [0x00000000a0000000,0x00000000a1faaa50,0x00000000a5d00000)
 Metaspace       used 56807K, capacity 59054K, committed 59160K, reserved 1099776K
  class space    used 7636K, capacity 8153K, committed 8224K, reserved 1048576K
Event: 9.235 GC heap after
Heap after GC invocations=14 (full 3):
 PSYoungGen      total 186880K, used 0K [0x00000000e0000000, 0x00000000ed500000, 0x0000000100000000)
  eden space 174592K, 0% used [0x00000000e0000000,0x00000000e0000000,0x00000000eaa80000)
  from space 12288K, 0% used [0x00000000eaa80000,0x00000000eaa80000,0x00000000eb680000)
  to   space 12800K, 0% used [0x00000000ec880000,0x00000000ec880000,0x00000000ed500000)
 ParOldGen       total 95232K, used 36847K [0x00000000a0000000, 0x00000000a5d00000, 0x00000000e0000000)
  object space 95232K, 38% used [0x00000000a0000000,0x00000000a23fbf68,0x00000000a5d00000)
 Metaspace       used 56715K, capacity 58798K, committed 59160K, reserved 1099776K
  class space    used 7609K, capacity 8112K, committed 8224K, reserved 1048576K
}

